<?xml version="1.0" encoding="UTF-8"?>
<!-- Generated by org.testng.reporters.JUnitReportReporter -->
<testsuite skipped="0" hostname="LAPTOP-V6MHI2QL" name="ourPeople.OctopusPeoplePage" tests="4" failures="0" timestamp="2020-02-16T21:27:59 GMT" time="83.635" errors="0">
  <testcase name="SortbyZtoA" time="25.795" classname="ourPeople.OctopusPeoplePage"/>
  <testcase name="Searchfield" time="14.217" classname="ourPeople.OctopusPeoplePage"/>
  <testcase name="Image" time="16.048" classname="ourPeople.OctopusPeoplePage"/>
  <testcase name="SortbyAtoZ" time="27.575" classname="ourPeople.OctopusPeoplePage"/>
</testsuite> <!-- ourPeople.OctopusPeoplePage -->
